Performing C SOURCE FILE Test _GLFW_HAS_64ASLR failed with the following output:
Change Dir: C:/Users/nbenc/CLionProjects/CUBEGINE/cmake-build-debug/CMakeFiles/CMakeTmp

Run Build Command(s):C:/MinGW/bin/mingw32-make.exe cmTC_1d909/fast && mingw32-make.exe[1]: Entering directory 'C:/Users/nbenc/CLionProjects/CUBEGINE/cmake-build-debug/CMakeFiles/CMakeTmp'
C:/MinGW/bin/mingw32-make.exe -f CMakeFiles\cmTC_1d909.dir\build.make CMakeFiles/cmTC_1d909.dir/build
mingw32-make.exe[2]: Entering directory 'C:/Users/nbenc/CLionProjects/CUBEGINE/cmake-build-debug/CMakeFiles/CMakeTmp'
Building C object CMakeFiles/cmTC_1d909.dir/src.c.obj
C:\MinGW\bin\gcc.exe   -D_GLFW_HAS_64ASLR -Wl,--high-entropy-va   -o CMakeFiles\cmTC_1d909.dir\src.c.obj   -c C:\Users\nbenc\CLionProjects\CUBEGINE\cmake-build-debug\CMakeFiles\CMakeTmp\src.c
Linking C executable cmTC_1d909.exe
"C:\Program Files\JetBrains\CLion 2019.3.5\bin\cmake\win\bin\cmake.exe" -E cmake_link_script CMakeFiles\cmTC_1d909.dir\link.txt --verbose=1
"C:\Program Files\JetBrains\CLion 2019.3.5\bin\cmake\win\bin\cmake.exe" -E remove -f CMakeFiles\cmTC_1d909.dir/objects.a
C:\MinGW\bin\ar.exe cr CMakeFiles\cmTC_1d909.dir/objects.a @CMakeFiles\cmTC_1d909.dir\objects1.rsp
C:\MinGW\bin\gcc.exe  -D_GLFW_HAS_64ASLR -Wl,--high-entropy-va    -Wl,--whole-archive CMakeFiles\cmTC_1d909.dir/objects.a -Wl,--no-whole-archive  -o cmTC_1d909.exe -Wl,--out-implib,libcmTC_1d909.dll.a -Wl,--major-image-version,0,--minor-image-version,0 @CMakeFiles\cmTC_1d909.dir\linklibs.rsp
c:/mingw/bin/../lib64/gcc/x86_64-w64-mingw32/4.8.3/../../../../x86_64-w64-mingw32/bin/ld.exe: unrecognized option '--high-entropy-va'
c:/mingw/bin/../lib64/gcc/x86_64-w64-mingw32/4.8.3/../../../../x86_64-w64-mingw32/bin/ld.exe: use the --help option for usage information
collect2.exe: error: ld returned 1 exit status
CMakeFiles\cmTC_1d909.dir\build.make:87: recipe for target 'cmTC_1d909.exe' failed
mingw32-make.exe[2]: *** [cmTC_1d909.exe] Error 1
mingw32-make.exe[2]: Leaving directory 'C:/Users/nbenc/CLionProjects/CUBEGINE/cmake-build-debug/CMakeFiles/CMakeTmp'
Makefile:120: recipe for target 'cmTC_1d909/fast' failed
mingw32-make.exe[1]: *** [cmTC_1d909/fast] Error 2
mingw32-make.exe[1]: Leaving directory 'C:/Users/nbenc/CLionProjects/CUBEGINE/cmake-build-debug/CMakeFiles/CMakeTmp'


Source file was:
int main(void) { return 0; }
